0 info it worked if it ends with ok
1 verbose cli [
1 verbose cli   'C:\\Program Files\\nodejs\\node.exe',
1 verbose cli   'C:\\Program Files\\nodejs\\node_modules\\npm\\bin\\npm-cli.js',
1 verbose cli   'install',
1 verbose cli   'express',
1 verbose cli   '--save'
1 verbose cli ]
2 info using npm@6.12.0
3 info using node@v12.13.0
4 verbose npm-session f67639ecaabfaa2d
5 silly install loadCurrentTree
6 silly install readLocalPackageData
7 timing stage:rollbackFailedOptional Completed in 2ms
8 timing stage:runTopLevelLifecycles Completed in 128ms
9 verbose stack Error: Failed to parse json
9 verbose stack Unexpected string in JSON at position 166 while parsing '{
9 verbose stack   "name": "final-proj",
9 verbose stack   "version": "'
9 verbose stack     at parseError (C:\Program Files\nodejs\node_modules\npm\node_modules\read-package-json\read-json.js:469:11)
9 verbose stack     at parseJson (C:\Program Files\nodejs\node_modules\npm\node_modules\read-package-json\read-json.js:105:26)
9 verbose stack     at C:\Program Files\nodejs\node_modules\npm\node_modules\read-package-json\read-json.js:52:5
9 verbose stack     at C:\Program Files\nodejs\node_modules\npm\node_modules\graceful-fs\graceful-fs.js:115:16
9 verbose stack     at FSReqCallback.readFileAfterClose [as oncomplete] (internal/fs/read_file_context.js:61:3)
10 verbose cwd C:\Users\Brien Bledsoe\Documents\DynamicWebApp\Dynamic-Web-Final-Project\final-proj
11 verbose Windows_NT 10.0.18362
12 verbose argv "C:\\Program Files\\nodejs\\node.exe" "C:\\Program Files\\nodejs\\node_modules\\npm\\bin\\npm-cli.js" "install" "express" "--save"
13 verbose node v12.13.0
14 verbose npm  v6.12.0
15 error code EJSONPARSE
16 error file C:\Users\Brien Bledsoe\Documents\DynamicWebApp\Dynamic-Web-Final-Project\final-proj\package.json
17 error JSON.parse Failed to parse json
17 error JSON.parse Unexpected string in JSON at position 166 while parsing '{
17 error JSON.parse   "name": "final-proj",
17 error JSON.parse   "version": "'
18 error JSON.parse Failed to parse package.json data.
18 error JSON.parse package.json must be actual JSON, not just JavaScript.
19 verbose exit [ 1, true ]
