0 info it worked if it ends with ok
1 verbose cli [
1 verbose cli   'C:\\Program Files\\nodejs\\node.exe',
1 verbose cli   'C:\\Program Files\\nodejs\\node_modules\\npm\\bin\\npm-cli.js',
1 verbose cli   'prefix',
1 verbose cli   '-g'
1 verbose cli ]
2 info using npm@6.12.0
3 info using node@v12.13.0
4 verbose stack Error: EBUSY: resource busy or locked, rename 'C:\Users\Brien Bledsoe\.config\configstore\update-notifier-npm.json.3761653623' -> 'C:\Users\Brien Bledsoe\.config\configstore\update-notifier-npm.json'
4 verbose stack     at Object.renameSync (fs.js:643:3)
4 verbose stack     at Function.writeFileSync [as sync] (C:\Program Files\nodejs\node_modules\npm\node_modules\write-file-atomic\index.js:224:8)
4 verbose stack     at Configstore.set all [as all] (C:\Program Files\nodejs\node_modules\npm\node_modules\configstore\index.js:58:20)
4 verbose stack     at Configstore.delete (C:\Program Files\nodejs\node_modules\npm\node_modules\configstore\index.js:98:12)
4 verbose stack     at UpdateNotifier.check (C:\Program Files\nodejs\node_modules\npm\node_modules\update-notifier\index.js:87:22)
4 verbose stack     at module.exports (C:\Program Files\nodejs\node_modules\npm\node_modules\update-notifier\index.js:151:17)
4 verbose stack     at EventEmitter.<anonymous> (C:\Program Files\nodejs\node_modules\npm\bin\npm-cli.js:85:48)
4 verbose stack     at processTicksAndRejections (internal/process/task_queues.js:75:11)
5 verbose cwd C:\Users\Brien Bledsoe\Documents\DynamicWebApp\Dynamic-Web-Final-Project\final-proj
6 verbose Windows_NT 10.0.18362
7 verbose argv "C:\\Program Files\\nodejs\\node.exe" "C:\\Program Files\\nodejs\\node_modules\\npm\\bin\\npm-cli.js" "prefix" "-g"
8 verbose node v12.13.0
9 verbose npm  v6.12.0
10 error code EBUSY
11 error syscall rename
12 error path C:\Users\Brien Bledsoe\.config\configstore\update-notifier-npm.json.3761653623
13 error dest C:\Users\Brien Bledsoe\.config\configstore\update-notifier-npm.json
14 error errno -4082
15 error EBUSY: resource busy or locked, rename 'C:\Users\Brien Bledsoe\.config\configstore\update-notifier-npm.json.3761653623' -> 'C:\Users\Brien Bledsoe\.config\configstore\update-notifier-npm.json'
16 verbose exit [ -4082, true ]
